2022-04-16 20:14:20,506 INFO  [Log] Application Opened 
2022-04-16 20:14:29,739 INFO  [Log] Login completed 
2022-04-16 20:14:30,461 INFO  [Log] Logout completed 
2022-04-16 20:15:06,092 INFO  [Log] Application closed 
2022-04-16 20:17:03,869 INFO  [Log] Application Opened 
2022-04-16 20:17:08,794 INFO  [Log] Login completed 
2022-04-16 20:17:08,848 INFO  [Log] Entered into frame 
2022-04-16 20:17:29,586 INFO  [Log] New emp Added 
2022-04-16 20:17:29,608 INFO  [Log] Exit from frame 
2022-04-16 20:17:29,891 INFO  [Log] Logout completed 
2022-04-16 20:18:15,227 INFO  [Log] Application closed 
2022-04-16 20:18:32,531 INFO  [Log] Application Opened 
2022-04-16 20:18:36,946 INFO  [Log] Login completed 
2022-04-16 20:18:37,344 INFO  [Log] Logout completed 
2022-04-16 20:19:06,611 INFO  [Log] Application closed 
2022-04-16 20:19:20,635 INFO  [Log] Application Opened 
2022-04-16 20:19:23,829 INFO  [Log] Login completed 
2022-04-16 20:19:23,884 INFO  [Log] Entered into frame 
2022-04-16 20:19:29,156 INFO  [Log] New emp Added 
2022-04-16 20:19:29,176 INFO  [Log] Exit from frame 
2022-04-16 20:19:29,466 INFO  [Log] Logout completed 
2022-04-16 20:23:23,668 INFO  [Log] Application Opened 
2022-04-16 20:23:26,841 INFO  [Log] Login completed 
2022-04-16 20:23:27,100 INFO  [Log] Logout completed 
2022-04-16 20:24:46,093 INFO  [Log] Application closed 
2022-04-16 20:27:19,349 INFO  [Log] Application Opened 
2022-04-16 20:27:21,363 INFO  [Log] Login completed 
2022-04-16 20:27:50,017 INFO  [Log] Application Opened 
2022-04-16 20:27:53,801 INFO  [Log] Login completed 
2022-04-16 20:27:54,087 INFO  [Log] Logout completed 
2022-04-16 20:29:24,858 INFO  [Log] Application closed 
2022-04-16 20:29:37,707 INFO  [Log] Application Opened 
2022-04-16 20:29:43,321 INFO  [Log] Login completed 
2022-04-16 20:29:43,371 INFO  [Log] Entered into frame 
2022-04-16 20:29:47,839 INFO  [Log] New emp Added 
2022-04-16 20:29:47,864 INFO  [Log] Exit from frame 
2022-04-16 20:29:48,197 INFO  [Log] Logout completed 
2022-04-16 20:31:19,677 INFO  [Log] Application closed 
2022-04-16 22:25:35,277 INFO  [Log] Application Opened 
